<?xml version="1.0" encoding="UTF-8"?>
<!-- Generated by org.testng.reporters.JUnitXMLReporter -->
<testsuite ignored="0" hostname="PF3LTHZW" failures="1" tests="1" name="Surefire test" time="0.085" errors="0" timestamp="2025-02-17T17:02:44 ICT">
  <testcase classname="e2eproject.base.Login" name="signIn" time="0.051">
    <failure type="java.lang.IllegalStateException" message="The driver executable does not exist: C:\Users\ntqi\OneDrive - Netcompany\Desktop\e2esmokesrc\test\java\e2eproject\drivers\chromedriver.exe">
      <![CDATA[java.lang.IllegalStateException: The driver executable does not exist: C:\Users\ntqi\OneDrive - Netcompany\Desktop\e2esmokesrc\test\java\e2eproject\drivers\chromedriver.exe
at com.google.common.base.Preconditions.checkState(Preconditions.java:585)
at org.openqa.selenium.remote.service.DriverService.checkExecutable(DriverService.java:146)
at org.openqa.selenium.remote.service.DriverService.findExecutable(DriverService.java:141)
at org.openqa.selenium.chrome.ChromeDriverService.access$000(ChromeDriverService.java:35)
at org.openqa.selenium.chrome.ChromeDriverService$Builder.findDefaultExecutable(ChromeDriverService.java:159)
at org.openqa.selenium.remote.service.DriverService$Builder.build(DriverService.java:355)
at org.openqa.selenium.chrome.ChromeDriverService.createDefaultService(ChromeDriverService.java:94)
at org.openqa.selenium.chrome.ChromeDriver.<init>(ChromeDriver.java:123)
at e2eproject.base.BasePage.getDriver(BasePage.java:36)
at e2eproject.base.Login.signIn(Login.java:17)
at java.base/java.util.ArrayList.forEach(ArrayList.java:1511)
... Removed 32 stack frames]]>
    </failure>
  </testcase> <!-- signIn -->
</testsuite> <!-- Surefire test -->
