-------------------------------------------------------------------------------
Test set: e2eproject.smoke.demo
-------------------------------------------------------------------------------
Tests run: 1, Failures: 1, Errors: 0, Skipped: 0, Time elapsed: 7.811 s <<< FAILURE! - in e2eproject.smoke.demo
navigateToProduct(e2eproject.smoke.demo)  Time elapsed: 1.512 s  <<< FAILURE!
java.lang.AssertionError: expected [19.13] but found [$19.12]
	at e2eproject.smoke.demo.navigateToProduct(demo.java:38)

